# JRE version: OpenJDK Runtime Environment Temurin-21.0.6+7 (21.0.6+7) (build 21.0.6+7-LTS)
# Java VM: OpenJDK 64-Bit Server VM Temurin-21.0.6+7 (21.0.6+7-LTS, mixed mode, sharing, tiered, compressed oops, compressed class ptrs, parallel gc, windows-amd64)
GC Precious Log:
 CardTable entry size: 512
 CPUs: 4 total, 4 available
 Memory: 8082M
 Large Page Support: Disabled
 NUMA Support: Disabled
 Compressed Oops: Enabled (32-bit)
 Alignments: Space 512K, Generation 512K, Heap 2M
 Heap Min Capacity: 100M
 Heap Initial Capacity: 100M
 Heap Max Capacity: 1G
 Pre-touch: Disabled
 Parallel Workers: 4
Heap:
 PSYoungGen      total 19968K, used 6720K [0x00000000eab00000, 0x00000000ec280000, 0x0000000100000000)
  eden space 18944K, 30% used [0x00000000eab00000,0x00000000eb093b90,0x00000000ebd80000)
  from space 1024K, 98% used [0x00000000ebe00000,0x00000000ebefc748,0x00000000ebf00000)
  to   space 2560K, 0% used [0x00000000ec000000,0x00000000ec000000,0x00000000ec280000)
 ParOldGen       total 68608K, used 44692K [0x00000000c0000000, 0x00000000c4300000, 0x00000000eab00000)
  object space 68608K, 65% used [0x00000000c0000000,0x00000000c2ba50c0,0x00000000c4300000)
 Metaspace       used 65983K, committed 67456K, reserved 1114112K
  class space    used 7056K, committed 7680K, reserved 1048576K
GC Heap History (20 events):
Event: 24.320 GC heap before
{Heap before GC invocations=29 (full 2):
 PSYoungGen      total 23040K, used 22816K [0x00000000eab00000, 0x00000000ec400000, 0x0000000100000000)
  eden space 20992K, 100% used [0x00000000eab00000,0x00000000ebf80000,0x00000000ebf80000)
  from space 2048K, 89% used [0x00000000ec200000,0x00000000ec3c8000,0x00000000ec400000)
  to   space 2048K, 0% used [0x00000000ec000000,0x00000000ec000000,0x00000000ec200000)
 ParOldGen       total 68608K, used 36639K [0x00000000c0000000, 0x00000000c4300000, 0x00000000eab00000)
  object space 68608K, 53% used [0x00000000c0000000,0x00000000c23c7dd0,0x00000000c4300000)
 Metaspace       used 56090K, committed 57344K, reserved 1114112K
  class space    used 6022K, committed 6592K, reserved 1048576K
}
Event: 24.324 GC heap after
{Heap after GC invocations=29 (full 2):
 PSYoungGen      total 23040K, used 1968K [0x00000000eab00000, 0x00000000ec380000, 0x0000000100000000)
  eden space 20992K, 0% used [0x00000000eab00000,0x00000000eab00000,0x00000000ebf80000)
  from space 2048K, 96% used [0x00000000ec000000,0x00000000ec1ec020,0x00000000ec200000)
  to   space 1536K, 0% used [0x00000000ec200000,0x00000000ec200000,0x00000000ec380000)
 ParOldGen       total 68608K, used 39188K [0x00000000c0000000, 0x00000000c4300000, 0x00000000eab00000)
  object space 68608K, 57% used [0x00000000c0000000,0x00000000c26452e0,0x00000000c4300000)
 Metaspace       used 56090K, committed 57344K, reserved 1114112K
  class space    used 6022K, committed 6592K, reserved 1048576K
}
Event: 24.528 GC heap before
{Heap before GC invocations=30 (full 2):
 PSYoungGen      total 23040K, used 22935K [0x00000000eab00000, 0x00000000ec380000, 0x0000000100000000)
  eden space 20992K, 99% used [0x00000000eab00000,0x00000000ebf79fa0,0x00000000ebf80000)
  from space 2048K, 96% used [0x00000000ec000000,0x00000000ec1ec020,0x00000000ec200000)
  to   space 1536K, 0% used [0x00000000ec200000,0x00000000ec200000,0x00000000ec380000)
 ParOldGen       total 68608K, used 39188K [0x00000000c0000000, 0x00000000c4300000, 0x00000000eab00000)
  object space 68608K, 57% used [0x00000000c0000000,0x00000000c26452e0,0x00000000c4300000)
 Metaspace       used 56546K, committed 57856K, reserved 1114112K
  class space    used 6066K, committed 6592K, reserved 1048576K
}
Event: 24.532 GC heap after
{Heap after GC invocations=30 (full 2):
 PSYoungGen      total 20992K, used 1521K [0x00000000eab00000, 0x00000000ec780000, 0x0000000100000000)
  eden space 19456K, 0% used [0x00000000eab00000,0x00000000eab00000,0x00000000ebe00000)
  from space 1536K, 99% used [0x00000000ec200000,0x00000000ec37c690,0x00000000ec380000)
  to   space 4096K, 0% used [0x00000000ebe00000,0x00000000ebe00000,0x00000000ec200000)
 ParOldGen       total 68608K, used 41204K [0x00000000c0000000, 0x00000000c4300000, 0x00000000eab00000)
  object space 68608K, 60% used [0x00000000c0000000,0x00000000c283d300,0x00000000c4300000)
 Metaspace       used 56546K, committed 57856K, reserved 1114112K
  class space    used 6066K, committed 6592K, reserved 1048576K
}
Event: 24.820 GC heap before
{Heap before GC invocations=31 (full 2):
 PSYoungGen      total 20992K, used 18209K [0x00000000eab00000, 0x00000000ec780000, 0x0000000100000000)
  eden space 19456K, 85% used [0x00000000eab00000,0x00000000ebb4bff8,0x00000000ebe00000)
  from space 1536K, 99% used [0x00000000ec200000,0x00000000ec37c690,0x00000000ec380000)
  to   space 4096K, 0% used [0x00000000ebe00000,0x00000000ebe00000,0x00000000ec200000)
 ParOldGen       total 68608K, used 41204K [0x00000000c0000000, 0x00000000c4300000, 0x00000000eab00000)
  object space 68608K, 60% used [0x00000000c0000000,0x00000000c283d300,0x00000000c4300000)
 Metaspace       used 58393K, committed 59776K, reserved 1114112K
  class space    used 6283K, committed 6912K, reserved 1048576K
}
Event: 24.824 GC heap after
{Heap after GC invocations=31 (full 2):
 PSYoungGen      total 20480K, used 864K [0x00000000eab00000, 0x00000000ec380000, 0x0000000100000000)
  eden space 19456K, 0% used [0x00000000eab00000,0x00000000eab00000,0x00000000ebe00000)
  from space 1024K, 84% used [0x00000000ebe00000,0x00000000ebed8000,0x00000000ebf00000)
  to   space 2048K, 0% used [0x00000000ec180000,0x00000000ec180000,0x00000000ec380000)
 ParOldGen       total 68608K, used 42710K [0x00000000c0000000, 0x00000000c4300000, 0x00000000eab00000)
  object space 68608K, 62% used [0x00000000c0000000,0x00000000c29b5990,0x00000000c4300000)
 Metaspace       used 58393K, committed 59776K, reserved 1114112K
  class space    used 6283K, committed 6912K, reserved 1048576K
}
Event: 24.824 GC heap before
{Heap before GC invocations=32 (full 3):
 PSYoungGen      total 20480K, used 864K [0x00000000eab00000, 0x00000000ec380000, 0x0000000100000000)
  eden space 19456K, 0% used [0x00000000eab00000,0x00000000eab00000,0x00000000ebe00000)
  from space 1024K, 84% used [0x00000000ebe00000,0x00000000ebed8000,0x00000000ebf00000)
  to   space 2048K, 0% used [0x00000000ec180000,0x00000000ec180000,0x00000000ec380000)
 ParOldGen       total 68608K, used 42710K [0x00000000c0000000, 0x00000000c4300000, 0x00000000eab00000)
  object space 68608K, 62% used [0x00000000c0000000,0x00000000c29b5990,0x00000000c4300000)
 Metaspace       used 58393K, committed 59776K, reserved 1114112K
  class space    used 6283K, committed 6912K, reserved 1048576K
}
Event: 24.912 GC heap after
{Heap after GC invocations=32 (full 3):
 PSYoungGen      total 20480K, used 0K [0x00000000eab00000, 0x00000000ec380000, 0x0000000100000000)
  eden space 19456K, 0% used [0x00000000eab00000,0x00000000eab00000,0x00000000ebe00000)
  from space 1024K, 0% used [0x00000000ebe00000,0x00000000ebe00000,0x00000000ebf00000)
  to   space 2048K, 0% used [0x00000000ec180000,0x00000000ec180000,0x00000000ec380000)
 ParOldGen       total 68608K, used 39031K [0x00000000c0000000, 0x00000000c4300000, 0x00000000eab00000)
  object space 68608K, 56% used [0x00000000c0000000,0x00000000c261dc88,0x00000000c4300000)
 Metaspace       used 58393K, committed 59776K, reserved 1114112K
  class space    used 6283K, committed 6912K, reserved 1048576K
}
Event: 25.386 GC heap before
{Heap before GC invocations=33 (full 3):
 PSYoungGen      total 20480K, used 19451K [0x00000000eab00000, 0x00000000ec380000, 0x0000000100000000)
  eden space 19456K, 99% used [0x00000000eab00000,0x00000000ebdfee78,0x00000000ebe00000)
  from space 1024K, 0% used [0x00000000ebe00000,0x00000000ebe00000,0x00000000ebf00000)
  to   space 2048K, 0% used [0x00000000ec180000,0x00000000ec180000,0x00000000ec380000)
 ParOldGen       total 68608K, used 39031K [0x00000000c0000000, 0x00000000c4300000, 0x00000000eab00000)
  object space 68608K, 56% used [0x00000000c0000000,0x00000000c261dc88,0x00000000c4300000)
 Metaspace       used 60184K, committed 61568K, reserved 1114112K
  class space    used 6478K, committed 7104K, reserved 1048576K
}
Event: 25.388 GC heap after
{Heap after GC invocations=33 (full 3):
 PSYoungGen      total 20992K, used 1374K [0x00000000eab00000, 0x00000000ec300000, 0x0000000100000000)
  eden space 19456K, 0% used [0x00000000eab00000,0x00000000eab00000,0x00000000ebe00000)
  from space 1536K, 89% used [0x00000000ec180000,0x00000000ec2d7880,0x00000000ec300000)
  to   space 1536K, 0% used [0x00000000ec000000,0x00000000ec000000,0x00000000ec180000)
 ParOldGen       total 68608K, used 39039K [0x00000000c0000000, 0x00000000c4300000, 0x00000000eab00000)
  object space 68608K, 56% used [0x00000000c0000000,0x00000000c261fc88,0x00000000c4300000)
 Metaspace       used 60184K, committed 61568K, reserved 1114112K
  class space    used 6478K, committed 7104K, reserved 1048576K
}
Event: 25.944 GC heap before
{Heap before GC invocations=34 (full 3):
 PSYoungGen      total 20992K, used 20816K [0x00000000eab00000, 0x00000000ec300000, 0x0000000100000000)
  eden space 19456K, 99% used [0x00000000eab00000,0x00000000ebdfc938,0x00000000ebe00000)
  from space 1536K, 89% used [0x00000000ec180000,0x00000000ec2d7880,0x00000000ec300000)
  to   space 1536K, 0% used [0x00000000ec000000,0x00000000ec000000,0x00000000ec180000)
 ParOldGen       total 68608K, used 39039K [0x00000000c0000000, 0x00000000c4300000, 0x00000000eab00000)
  object space 68608K, 56% used [0x00000000c0000000,0x00000000c261fc88,0x00000000c4300000)
 Metaspace       used 61085K, committed 62528K, reserved 1114112K
  class space    used 6584K, committed 7232K, reserved 1048576K
}
Event: 25.949 GC heap after
{Heap after GC invocations=34 (full 3):
 PSYoungGen      total 20480K, used 947K [0x00000000eab00000, 0x00000000ec200000, 0x0000000100000000)
  eden space 19456K, 0% used [0x00000000eab00000,0x00000000eab00000,0x00000000ebe00000)
  from space 1024K, 92% used [0x00000000ec000000,0x00000000ec0ecdb0,0x00000000ec100000)
  to   space 1024K, 0% used [0x00000000ec100000,0x00000000ec100000,0x00000000ec200000)
 ParOldGen       total 68608K, used 40356K [0x00000000c0000000, 0x00000000c4300000, 0x00000000eab00000)
  object space 68608K, 58% used [0x00000000c0000000,0x00000000c2769140,0x00000000c4300000)
 Metaspace       used 61085K, committed 62528K, reserved 1114112K
  class space    used 6584K, committed 7232K, reserved 1048576K
}
Event: 26.309 GC heap before
{Heap before GC invocations=35 (full 3):
 PSYoungGen      total 20480K, used 20403K [0x00000000eab00000, 0x00000000ec200000, 0x0000000100000000)
  eden space 19456K, 100% used [0x00000000eab00000,0x00000000ebe00000,0x00000000ebe00000)
  from space 1024K, 92% used [0x00000000ec000000,0x00000000ec0ecdb0,0x00000000ec100000)
  to   space 1024K, 0% used [0x00000000ec100000,0x00000000ec100000,0x00000000ec200000)
 ParOldGen       total 68608K, used 40356K [0x00000000c0000000, 0x00000000c4300000, 0x00000000eab00000)
  object space 68608K, 58% used [0x00000000c0000000,0x00000000c2769140,0x00000000c4300000)
 Metaspace       used 62712K, committed 64192K, reserved 1114112K
  class space    used 6722K, committed 7360K, reserved 1048576K
}
Event: 26.311 GC heap after
{Heap after GC invocations=35 (full 3):
 PSYoungGen      total 19968K, used 1005K [0x00000000eab00000, 0x00000000ec500000, 0x0000000100000000)
  eden space 18944K, 0% used [0x00000000eab00000,0x00000000eab00000,0x00000000ebd80000)
  from space 1024K, 98% used [0x00000000ec100000,0x00000000ec1fb7b8,0x00000000ec200000)
  to   space 3584K, 0% used [0x00000000ebd80000,0x00000000ebd80000,0x00000000ec100000)
 ParOldGen       total 68608K, used 42333K [0x00000000c0000000, 0x00000000c4300000, 0x00000000eab00000)
  object space 68608K, 61% used [0x00000000c0000000,0x00000000c2957778,0x00000000c4300000)
 Metaspace       used 62712K, committed 64192K, reserved 1114112K
  class space    used 6722K, committed 7360K, reserved 1048576K
}
Event: 26.385 GC heap before
{Heap before GC invocations=36 (full 3):
 PSYoungGen      total 19968K, used 19842K [0x00000000eab00000, 0x00000000ec500000, 0x0000000100000000)
  eden space 18944K, 99% used [0x00000000eab00000,0x00000000ebd653a8,0x00000000ebd80000)
  from space 1024K, 98% used [0x00000000ec100000,0x00000000ec1fb7b8,0x00000000ec200000)
  to   space 3584K, 0% used [0x00000000ebd80000,0x00000000ebd80000,0x00000000ec100000)
 ParOldGen       total 68608K, used 42333K [0x00000000c0000000, 0x00000000c4300000, 0x00000000eab00000)
  object space 68608K, 61% used [0x00000000c0000000,0x00000000c2957778,0x00000000c4300000)
 Metaspace       used 62852K, committed 64256K, reserved 1114112K
  class space    used 6731K, committed 7360K, reserved 1048576K
}
Event: 26.388 GC heap after
{Heap after GC invocations=36 (full 3):
 PSYoungGen      total 20480K, used 1420K [0x00000000eab00000, 0x00000000ec180000, 0x0000000100000000)
  eden space 18944K, 0% used [0x00000000eab00000,0x00000000eab00000,0x00000000ebd80000)
  from space 1536K, 92% used [0x00000000ebd80000,0x00000000ebee32f0,0x00000000ebf00000)
  to   space 2048K, 0% used [0x00000000ebf80000,0x00000000ebf80000,0x00000000ec180000)
 ParOldGen       total 68608K, used 43322K [0x00000000c0000000, 0x00000000c4300000, 0x00000000eab00000)
  object space 68608K, 63% used [0x00000000c0000000,0x00000000c2a4ea20,0x00000000c4300000)
 Metaspace       used 62852K, committed 64256K, reserved 1114112K
  class space    used 6731K, committed 7360K, reserved 1048576K
}
Event: 26.501 GC heap before
{Heap before GC invocations=37 (full 3):
 PSYoungGen      total 20480K, used 20364K [0x00000000eab00000, 0x00000000ec180000, 0x0000000100000000)
  eden space 18944K, 100% used [0x00000000eab00000,0x00000000ebd80000,0x00000000ebd80000)
  from space 1536K, 92% used [0x00000000ebd80000,0x00000000ebee32f0,0x00000000ebf00000)
  to   space 2048K, 0% used [0x00000000ebf80000,0x00000000ebf80000,0x00000000ec180000)
 ParOldGen       total 68608K, used 43322K [0x00000000c0000000, 0x00000000c4300000, 0x00000000eab00000)
  object space 68608K, 63% used [0x00000000c0000000,0x00000000c2a4ea20,0x00000000c4300000)
 Metaspace       used 63766K, committed 65280K, reserved 1114112K
  class space    used 6818K, committed 7488K, reserved 1048576K
}
Event: 26.503 GC heap after
{Heap after GC invocations=37 (full 3):
 PSYoungGen      total 19456K, used 337K [0x00000000eab00000, 0x00000000ec000000, 0x0000000100000000)
  eden space 18944K, 0% used [0x00000000eab00000,0x00000000eab00000,0x00000000ebd80000)
  from space 512K, 65% used [0x00000000ebf80000,0x00000000ebfd4698,0x00000000ec000000)
  to   space 1024K, 0% used [0x00000000ebe00000,0x00000000ebe00000,0x00000000ebf00000)
 ParOldGen       total 68608K, used 43795K [0x00000000c0000000, 0x00000000c4300000, 0x00000000eab00000)
  object space 68608K, 63% used [0x00000000c0000000,0x00000000c2ac4dd8,0x00000000c4300000)
 Metaspace       used 63766K, committed 65280K, reserved 1114112K
  class space    used 6818K, committed 7488K, reserved 1048576K
}
Event: 26.831 GC heap before
{Heap before GC invocations=38 (full 3):
 PSYoungGen      total 19456K, used 19281K [0x00000000eab00000, 0x00000000ec000000, 0x0000000100000000)
  eden space 18944K, 100% used [0x00000000eab00000,0x00000000ebd80000,0x00000000ebd80000)
  from space 512K, 65% used [0x00000000ebf80000,0x00000000ebfd4698,0x00000000ec000000)
  to   space 1024K, 0% used [0x00000000ebe00000,0x00000000ebe00000,0x00000000ebf00000)
 ParOldGen       total 68608K, used 43795K [0x00000000c0000000, 0x00000000c4300000, 0x00000000eab00000)
  object space 68608K, 63% used [0x00000000c0000000,0x00000000c2ac4dd8,0x00000000c4300000)
 Metaspace       used 65898K, committed 67392K, reserved 1114112K
  class space    used 7054K, committed 7680K, reserved 1048576K
}
Event: 26.834 GC heap after
{Heap after GC invocations=38 (full 3):
 PSYoungGen      total 19968K, used 1009K [0x00000000eab00000, 0x00000000ec280000, 0x0000000100000000)
  eden space 18944K, 0% used [0x00000000eab00000,0x00000000eab00000,0x00000000ebd80000)
  from space 1024K, 98% used [0x00000000ebe00000,0x00000000ebefc748,0x00000000ebf00000)
  to   space 2560K, 0% used [0x00000000ec000000,0x00000000ec000000,0x00000000ec280000)
 ParOldGen       total 68608K, used 44692K [0x00000000c0000000, 0x00000000c4300000, 0x00000000eab00000)
  object space 68608K, 65% used [0x00000000c0000000,0x00000000c2ba50c0,0x00000000c4300000)
 Metaspace       used 65898K, committed 67392K, reserved 1114112K
  class space    used 7054K, committed 7680K, reserved 1048576K
}

